<?xml version="1.0" encoding="UTF-8"?>
<testng-results skipped="0" failed="0" total="1" passed="1">
  <reporter-output>
  </reporter-output>
  <suite name="Default suite" duration-ms="9467" started-at="2016-05-23T01:10:32Z" finished-at="2016-05-23T01:10:42Z">
    <groups>
    </groups>
    <test name="Default test" duration-ms="9467" started-at="2016-05-23T01:10:32Z" finished-at="2016-05-23T01:10:42Z">
      <class name="screenshot_test.screenshot">
        <test-method status="PASS" signature="test()[pri:0, instance:screenshot_test.screenshot@754ba872]" name="test" duration-ms="9418" started-at="2016-05-23T06:40:33Z" finished-at="2016-05-23T06:40:42Z">
          <reporter-output>
          </reporter-output>
        </test-method> <!-- test -->
      </class> <!-- screenshot_test.screenshot -->
    </test> <!-- Default test -->
  </suite> <!-- Default suite -->
</testng-results>
